<?xml version="1.0" encoding="UTF-8"?>
<!-- Generated by org.testng.reporters.JUnitXMLReporter -->
<testsuite ignored="0" hostname="PMLDVBALAJID" failures="0" tests="2" name="Errro Validation Test" time="28.057" errors="0" timestamp="2024-04-27T09:41:20 IST">
  <testcase classname="BalajiSoft.SaleniumDesign.tests.ErrroValidationTest" name="LoginErrorValidation" time="0.357"/>
  <testcase classname="BalajiSoft.SaleniumDesign.tests.ErrroValidationTest" name="ProductErrorValidation" time="15.799"/>
</testsuite> <!-- Errro Validation Test -->
