<?xml version="1.0" encoding="UTF-8"?>
<!-- Generated by org.testng.reporters.JUnitXMLReporter -->
<testsuite ignored="0" hostname="PMLDVBALAJID" failures="0" tests="3" name="Submit Order" time="28.783" errors="0" timestamp="2024-04-27T09:41:21 IST">
  <testcase classname="BalajiSoft.SaleniumDesign.tests.SubmitOrderTest" name="submitOrder" time="8.667"/>
  <testcase classname="BalajiSoft.SaleniumDesign.tests.SubmitOrderTest" name="submitOrder" time="6.535"/>
  <testcase classname="BalajiSoft.SaleniumDesign.tests.SubmitOrderTest" name="OrderHistoryTest" time="0.723"/>
</testsuite> <!-- Submit Order -->
